{"/Users/Drew1/Projects/Pikup-App/config/appConfig.ts": {"path":"/Users/Drew1/Projects/Pikup-App/config/appConfig.ts","statementMap":{"0":{"start":{"line":1,"column":16},"end":{"line":7,"column":1}},"1":{"start":{"line":2,"column":17},"end":{"line":2,"column":75}},"2":{"start":{"line":3,"column":16},"end":{"line":3,"column":27}},"3":{"start":{"line":4,"column":2},"end":{"line":4,"column":49}},"4":{"start":{"line":4,"column":33},"end":{"line":4,"column":49}},"5":{"start":{"line":5,"column":18},"end":{"line":5,"column":30}},"6":{"start":{"line":6,"column":2},"end":{"line":6,"column":49}},"7":{"start":{"line":9,"column":17},"end":{"line":15,"column":3}},"8":{"start":{"line":10,"column":2},"end":{"line":15,"column":3}},"9":{"start":{"line":13,"column":22},"end":{"line":13,"column":48}},"10":{"start":{"line":17,"column":14},"end":{"line":17,"column":64}},"11":{"start":{"line":19,"column":28},"end":{"line":19,"column":59}},"12":{"start":{"line":21,"column":25},"end":{"line":59,"column":1}},"13":{"start":{"line":61,"column":46},"end":{"line":73,"column":1}},"14":{"start":{"line":62,"column":2},"end":{"line":64,"column":3}},"15":{"start":{"line":63,"column":4},"end":{"line":63,"column":17}},"16":{"start":{"line":66,"column":17},"end":{"line":66,"column":73}},"17":{"start":{"line":67,"column":16},"end":{"line":67,"column":62}},"18":{"start":{"line":69,"column":2},"end":{"line":72,"column":4}}},"fnMap":{"0":{"name":"(anonymous_0)","decl":{"start":{"line":1,"column":16},"end":{"line":1,"column":17}},"loc":{"start":{"line":1,"column":56},"end":{"line":7,"column":1}},"line":1},"1":{"name":"(anonymous_1)","decl":{"start":{"line":9,"column":17},"end":{"line":9,"column":18}},"loc":{"start":{"line":10,"column":2},"end":{"line":15,"column":3}},"line":10},"2":{"name":"(anonymous_2)","decl":{"start":{"line":13,"column":11},"end":{"line":13,"column":12}},"loc":{"start":{"line":13,"column":22},"end":{"line":13,"column":48}},"line":13},"3":{"name":"(anonymous_3)","decl":{"start":{"line":61,"column":46},"end":{"line":61,"column":47}},"loc":{"start":{"line":61,"column":104},"end":{"line":73,"column":1}},"line":61}},"branchMap":{"0":{"loc":{"start":{"line":1,"column":30},"end":{"line":1,"column":43}},"type":"default-arg","locations":[{"start":{"line":1,"column":41},"end":{"line":1,"column":43}}],"line":1},"1":{"loc":{"start":{"line":2,"column":18},"end":{"line":2,"column":36}},"type":"binary-expr","locations":[{"start":{"line":2,"column":18},"end":{"line":2,"column":30}},{"start":{"line":2,"column":34},"end":{"line":2,"column":36}}],"line":2},"2":{"loc":{"start":{"line":4,"column":2},"end":{"line":4,"column":49}},"type":"if","locations":[{"start":{"line":4,"column":2},"end":{"line":4,"column":49}},{"start":{},"end":{}}],"line":4},"3":{"loc":{"start":{"line":6,"column":9},"end":{"line":6,"column":48}},"type":"cond-expr","locations":[{"start":{"line":6,"column":30},"end":{"line":6,"column":37}},{"start":{"line":6,"column":40},"end":{"line":6,"column":48}}],"line":6},"4":{"loc":{"start":{"line":11,"column":11},"end":{"line":11,"column":22}},"type":"binary-expr","locations":[{"start":{"line":11,"column":11},"end":{"line":11,"column":16}},{"start":{"line":11,"column":20},"end":{"line":11,"column":22}}],"line":11},"5":{"loc":{"start":{"line":17,"column":14},"end":{"line":17,"column":64}},"type":"binary-expr","locations":[{"start":{"line":17,"column":14},"end":{"line":17,"column":44}},{"start":{"line":17,"column":48},"end":{"line":17,"column":64}}],"line":17},"6":{"loc":{"start":{"line":19,"column":28},"end":{"line":19,"column":59}},"type":"cond-expr","locations":[{"start":{"line":19,"column":36},"end":{"line":19,"column":54}},{"start":{"line":19,"column":57},"end":{"line":19,"column":59}}],"line":19},"7":{"loc":{"start":{"line":57,"column":13},"end":{"line":57,"column":78}},"type":"binary-expr","locations":[{"start":{"line":57,"column":13},"end":{"line":57,"column":18}},{"start":{"line":57,"column":22},"end":{"line":57,"column":78}}],"line":57},"8":{"loc":{"start":{"line":62,"column":2},"end":{"line":64,"column":3}},"type":"if","locations":[{"start":{"line":62,"column":2},"end":{"line":64,"column":3}},{"start":{},"end":{}}],"line":62},"9":{"loc":{"start":{"line":66,"column":24},"end":{"line":66,"column":51}},"type":"binary-expr","locations":[{"start":{"line":66,"column":24},"end":{"line":66,"column":33}},{"start":{"line":66,"column":37},"end":{"line":66,"column":45}},{"start":{"line":66,"column":49},"end":{"line":66,"column":51}}],"line":66},"10":{"loc":{"start":{"line":67,"column":23},"end":{"line":67,"column":40}},"type":"binary-expr","locations":[{"start":{"line":67,"column":23},"end":{"line":67,"column":34}},{"start":{"line":67,"column":38},"end":{"line":67,"column":40}}],"line":67},"11":{"loc":{"start":{"line":70,"column":4},"end":{"line":71,"column":64}},"type":"binary-expr","locations":[{"start":{"line":70,"column":5},"end":{"line":70,"column":11}},{"start":{"line":70,"column":15},"end":{"line":70,"column":66}},{"start":{"line":71,"column":5},"end":{"line":71,"column":10}},{"start":{"line":71,"column":14},"end":{"line":71,"column":63}}],"line":70}},"s":{"0":3,"1":45,"2":45,"3":45,"4":42,"5":3,"6":3,"7":3,"8":6,"9":6,"10":3,"11":3,"12":3,"13":3,"14":3,"15":0,"16":3,"17":3,"18":3},"f":{"0":45,"1":6,"2":6,"3":3},"b":{"0":[15],"1":[45,0],"2":[42,3],"3":[3,0],"4":[6,2],"5":[3,3],"6":[3,0],"7":[3,3],"8":[0,3],"9":[3,2,2],"10":[3,1],"11":[3,1,2,2]},"_coverageSchema":"1a1c01bbd47fc00a2c39e90264f33305004495a9","hash":"a54dee686bcee2471a06f895afec29f8933af727"}
,"/Users/Drew1/Projects/Pikup-App/constants/tripStatus.js": {"path":"/Users/Drew1/Projects/Pikup-App/constants/tripStatus.js","statementMap":{"0":{"start":{"line":1,"column":27},"end":{"line":11,"column":2}},"1":{"start":{"line":13,"column":25},"end":{"line":23,"column":2}},"2":{"start":{"line":25,"column":25},"end":{"line":41,"column":2}},"3":{"start":{"line":43,"column":36},"end":{"line":50,"column":2}},"4":{"start":{"line":52,"column":37},"end":{"line":56,"column":2}},"5":{"start":{"line":58,"column":38},"end":{"line":62,"column":2}},"6":{"start":{"line":64,"column":35},"end":{"line":75,"column":1}},"7":{"start":{"line":65,"column":2},"end":{"line":67,"column":3}},"8":{"start":{"line":66,"column":4},"end":{"line":66,"column":31}},"9":{"start":{"line":69,"column":21},"end":{"line":69,"column":34}},"10":{"start":{"line":70,"column":2},"end":{"line":72,"column":3}},"11":{"start":{"line":71,"column":4},"end":{"line":71,"column":31}},"12":{"start":{"line":74,"column":2},"end":{"line":74,"column":98}},"13":{"start":{"line":77,"column":30},"end":{"line":80,"column":1}},"14":{"start":{"line":78,"column":21},"end":{"line":78,"column":48}},"15":{"start":{"line":79,"column":2},"end":{"line":79,"column":52}},"16":{"start":{"line":82,"column":34},"end":{"line":85,"column":1}},"17":{"start":{"line":83,"column":21},"end":{"line":83,"column":48}},"18":{"start":{"line":84,"column":2},"end":{"line":84,"column":51}}},"fnMap":{"0":{"name":"(anonymous_0)","decl":{"start":{"line":64,"column":35},"end":{"line":64,"column":36}},"loc":{"start":{"line":64,"column":47},"end":{"line":75,"column":1}},"line":64},"1":{"name":"(anonymous_1)","decl":{"start":{"line":77,"column":30},"end":{"line":77,"column":31}},"loc":{"start":{"line":77,"column":42},"end":{"line":80,"column":1}},"line":77},"2":{"name":"(anonymous_2)","decl":{"start":{"line":82,"column":34},"end":{"line":82,"column":35}},"loc":{"start":{"line":82,"column":46},"end":{"line":85,"column":1}},"line":82}},"branchMap":{"0":{"loc":{"start":{"line":65,"column":2},"end":{"line":67,"column":3}},"type":"if","locations":[{"start":{"line":65,"column":2},"end":{"line":67,"column":3}},{"start":{},"end":{}}],"line":65},"1":{"loc":{"start":{"line":70,"column":2},"end":{"line":72,"column":3}},"type":"if","locations":[{"start":{"line":70,"column":2},"end":{"line":72,"column":3}},{"start":{},"end":{}}],"line":70},"2":{"loc":{"start":{"line":74,"column":9},"end":{"line":74,"column":97}},"type":"binary-expr","locations":[{"start":{"line":74,"column":9},"end":{"line":74,"column":37}},{"start":{"line":74,"column":41},"end":{"line":74,"column":83}},{"start":{"line":74,"column":87},"end":{"line":74,"column":97}}],"line":74},"3":{"loc":{"start":{"line":79,"column":9},"end":{"line":79,"column":51}},"type":"binary-expr","locations":[{"start":{"line":79,"column":9},"end":{"line":79,"column":37}},{"start":{"line":79,"column":41},"end":{"line":79,"column":51}}],"line":79}},"s":{"0":3,"1":3,"2":3,"3":3,"4":3,"5":3,"6":3,"7":12,"8":1,"9":11,"10":11,"11":1,"12":10,"13":3,"14":2,"15":2,"16":3,"17":2,"18":2},"f":{"0":12,"1":2,"2":2},"b":{"0":[1,11],"1":[1,10],"2":[10,0,0],"3":[2,0]},"_coverageSchema":"1a1c01bbd47fc00a2c39e90264f33305004495a9","hash":"2efea38dbad05a5af4977781c9d32239b988cc8c"}
,"/Users/Drew1/Projects/Pikup-App/services/ClaimsService.js": {"path":"/Users/Drew1/Projects/Pikup-App/services/ClaimsService.js","statementMap":{"0":{"start":{"line":6,"column":37},"end":{"line":11,"column":2}},"1":{"start":{"line":13,"column":37},"end":{"line":18,"column":2}},"2":{"start":{"line":20,"column":32},"end":{"line":25,"column":2}},"3":{"start":{"line":27,"column":37},"end":{"line":35,"column":2}},"4":{"start":{"line":37,"column":19},"end":{"line":40,"column":1}},"5":{"start":{"line":38,"column":15},"end":{"line":38,"column":45}},"6":{"start":{"line":39,"column":2},"end":{"line":39,"column":80}},"7":{"start":{"line":42,"column":44},"end":{"line":45,"column":1}},"8":{"start":{"line":43,"column":21},"end":{"line":43,"column":62}},"9":{"start":{"line":44,"column":2},"end":{"line":44,"column":81}},"10":{"start":{"line":47,"column":39},"end":{"line":48,"column":97}},"11":{"start":{"line":48,"column":2},"end":{"line":48,"column":97}},"12":{"start":{"line":50,"column":20},"end":{"line":67,"column":1}},"13":{"start":{"line":51,"column":25},"end":{"line":51,"column":68}},"14":{"start":{"line":52,"column":2},"end":{"line":66,"column":4}},"15":{"start":{"line":69,"column":34},"end":{"line":89,"column":1}},"16":{"start":{"line":70,"column":18},"end":{"line":70,"column":20}},"17":{"start":{"line":71,"column":20},"end":{"line":71,"column":22}},"18":{"start":{"line":73,"column":2},"end":{"line":86,"column":5}},"19":{"start":{"line":74,"column":22},"end":{"line":74,"column":40}},"20":{"start":{"line":75,"column":24},"end":{"line":75,"column":84}},"21":{"start":{"line":77,"column":4},"end":{"line":85,"column":5}},"22":{"start":{"line":78,"column":6},"end":{"line":82,"column":9}},"23":{"start":{"line":84,"column":6},"end":{"line":84,"column":30}},"24":{"start":{"line":88,"column":2},"end":{"line":88,"column":32}},"25":{"start":{"line":91,"column":34},"end":{"line":121,"column":1}},"26":{"start":{"line":92,"column":2},"end":{"line":120,"column":3}},"27":{"start":{"line":93,"column":4},"end":{"line":95,"column":5}},"28":{"start":{"line":94,"column":6},"end":{"line":94,"column":71}},"29":{"start":{"line":97,"column":28},"end":{"line":101,"column":48}},"30":{"start":{"line":103,"column":4},"end":{"line":103,"column":27}},"31":{"start":{"line":103,"column":15},"end":{"line":103,"column":27}},"32":{"start":{"line":105,"column":35},"end":{"line":105,"column":65}},"33":{"start":{"line":106,"column":4},"end":{"line":110,"column":6}},"34":{"start":{"line":112,"column":23},"end":{"line":112,"column":77}},"35":{"start":{"line":113,"column":4},"end":{"line":113,"column":82}},"36":{"start":{"line":114,"column":4},"end":{"line":119,"column":6}},"37":{"start":{"line":123,"column":41},"end":{"line":152,"column":1}},"38":{"start":{"line":124,"column":2},"end":{"line":151,"column":7}},"39":{"start":{"line":126,"column":21},"end":{"line":126,"column":57}},"40":{"start":{"line":127,"column":6},"end":{"line":132,"column":8}},"41":{"start":{"line":135,"column":35},"end":{"line":135,"column":60}},"42":{"start":{"line":137,"column":8},"end":{"line":137,"column":103}},"43":{"start":{"line":139,"column":6},"end":{"line":150,"column":8}},"44":{"start":{"line":154,"column":34},"end":{"line":190,"column":1}},"45":{"start":{"line":161,"column":2},"end":{"line":189,"column":3}},"46":{"start":{"line":162,"column":4},"end":{"line":164,"column":5}},"47":{"start":{"line":163,"column":6},"end":{"line":163,"column":95}},"48":{"start":{"line":166,"column":28},"end":{"line":181,"column":6}},"49":{"start":{"line":178,"column":19},"end":{"line":178,"column":35}},"50":{"start":{"line":183,"column":4},"end":{"line":183,"column":27}},"51":{"start":{"line":183,"column":15},"end":{"line":183,"column":27}},"52":{"start":{"line":184,"column":4},"end":{"line":184,"column":35}},"53":{"start":{"line":186,"column":23},"end":{"line":186,"column":89}},"54":{"start":{"line":187,"column":4},"end":{"line":187,"column":82}},"55":{"start":{"line":188,"column":4},"end":{"line":188,"column":57}}},"fnMap":{"0":{"name":"(anonymous_0)","decl":{"start":{"line":37,"column":19},"end":{"line":37,"column":20}},"loc":{"start":{"line":37,"column":30},"end":{"line":40,"column":1}},"line":37},"1":{"name":"(anonymous_1)","decl":{"start":{"line":42,"column":44},"end":{"line":42,"column":45}},"loc":{"start":{"line":42,"column":56},"end":{"line":45,"column":1}},"line":42},"2":{"name":"(anonymous_2)","decl":{"start":{"line":47,"column":39},"end":{"line":47,"column":40}},"loc":{"start":{"line":48,"column":2},"end":{"line":48,"column":97}},"line":48},"3":{"name":"(anonymous_3)","decl":{"start":{"line":50,"column":20},"end":{"line":50,"column":21}},"loc":{"start":{"line":50,"column":31},"end":{"line":67,"column":1}},"line":50},"4":{"name":"(anonymous_4)","decl":{"start":{"line":69,"column":34},"end":{"line":69,"column":35}},"loc":{"start":{"line":69,"column":51},"end":{"line":89,"column":1}},"line":69},"5":{"name":"(anonymous_5)","decl":{"start":{"line":73,"column":48},"end":{"line":73,"column":49}},"loc":{"start":{"line":73,"column":59},"end":{"line":86,"column":3}},"line":73},"6":{"name":"(anonymous_6)","decl":{"start":{"line":91,"column":34},"end":{"line":91,"column":35}},"loc":{"start":{"line":91,"column":52},"end":{"line":121,"column":1}},"line":91},"7":{"name":"(anonymous_7)","decl":{"start":{"line":123,"column":41},"end":{"line":123,"column":42}},"loc":{"start":{"line":123,"column":60},"end":{"line":152,"column":1}},"line":123},"8":{"name":"(anonymous_8)","decl":{"start":{"line":125,"column":12},"end":{"line":125,"column":13}},"loc":{"start":{"line":125,"column":25},"end":{"line":133,"column":5}},"line":125},"9":{"name":"(anonymous_9)","decl":{"start":{"line":134,"column":9},"end":{"line":134,"column":10}},"loc":{"start":{"line":134,"column":22},"end":{"line":151,"column":5}},"line":134},"10":{"name":"(anonymous_10)","decl":{"start":{"line":154,"column":34},"end":{"line":154,"column":35}},"loc":{"start":{"line":160,"column":6},"end":{"line":190,"column":1}},"line":160},"11":{"name":"(anonymous_11)","decl":{"start":{"line":178,"column":10},"end":{"line":178,"column":11}},"loc":{"start":{"line":178,"column":19},"end":{"line":178,"column":35}},"line":178}},"branchMap":{"0":{"loc":{"start":{"line":38,"column":15},"end":{"line":38,"column":45}},"type":"cond-expr","locations":[{"start":{"line":38,"column":23},"end":{"line":38,"column":38}},{"start":{"line":38,"column":41},"end":{"line":38,"column":45}}],"line":38},"1":{"loc":{"start":{"line":39,"column":9},"end":{"line":39,"column":79}},"type":"cond-expr","locations":[{"start":{"line":39,"column":49},"end":{"line":39,"column":74}},{"start":{"line":39,"column":77},"end":{"line":39,"column":79}}],"line":39},"2":{"loc":{"start":{"line":39,"column":9},"end":{"line":39,"column":46}},"type":"binary-expr","locations":[{"start":{"line":39,"column":9},"end":{"line":39,"column":13}},{"start":{"line":39,"column":17},"end":{"line":39,"column":46}}],"line":39},"3":{"loc":{"start":{"line":43,"column":28},"end":{"line":43,"column":40}},"type":"binary-expr","locations":[{"start":{"line":43,"column":28},"end":{"line":43,"column":34}},{"start":{"line":43,"column":38},"end":{"line":43,"column":40}}],"line":43},"4":{"loc":{"start":{"line":44,"column":9},"end":{"line":44,"column":80}},"type":"binary-expr","locations":[{"start":{"line":44,"column":9},"end":{"line":44,"column":49}},{"start":{"line":44,"column":53},"end":{"line":44,"column":80}}],"line":44},"5":{"loc":{"start":{"line":48,"column":2},"end":{"line":48,"column":97}},"type":"binary-expr","locations":[{"start":{"line":48,"column":2},"end":{"line":48,"column":41}},{"start":{"line":48,"column":45},"end":{"line":48,"column":97}}],"line":48},"6":{"loc":{"start":{"line":55,"column":21},"end":{"line":55,"column":56}},"type":"binary-expr","locations":[{"start":{"line":55,"column":21},"end":{"line":55,"column":37}},{"start":{"line":55,"column":41},"end":{"line":55,"column":56}}],"line":55},"7":{"loc":{"start":{"line":59,"column":10},"end":{"line":59,"column":42}},"type":"binary-expr","locations":[{"start":{"line":59,"column":10},"end":{"line":59,"column":32}},{"start":{"line":59,"column":36},"end":{"line":59,"column":42}}],"line":59},"8":{"loc":{"start":{"line":61,"column":12},"end":{"line":61,"column":75}},"type":"cond-expr","locations":[{"start":{"line":61,"column":36},"end":{"line":61,"column":63}},{"start":{"line":61,"column":66},"end":{"line":61,"column":75}}],"line":61},"9":{"loc":{"start":{"line":69,"column":35},"end":{"line":69,"column":46}},"type":"default-arg","locations":[{"start":{"line":69,"column":44},"end":{"line":69,"column":46}}],"line":69},"10":{"loc":{"start":{"line":73,"column":3},"end":{"line":73,"column":38}},"type":"cond-expr","locations":[{"start":{"line":73,"column":27},"end":{"line":73,"column":33}},{"start":{"line":73,"column":36},"end":{"line":73,"column":38}}],"line":73},"11":{"loc":{"start":{"line":77,"column":4},"end":{"line":85,"column":5}},"type":"if","locations":[{"start":{"line":77,"column":4},"end":{"line":85,"column":5}},{"start":{"line":83,"column":11},"end":{"line":85,"column":5}}],"line":77},"12":{"loc":{"start":{"line":80,"column":20},"end":{"line":80,"column":50}},"type":"binary-expr","locations":[{"start":{"line":80,"column":20},"end":{"line":80,"column":36}},{"start":{"line":80,"column":40},"end":{"line":80,"column":50}}],"line":80},"13":{"loc":{"start":{"line":81,"column":34},"end":{"line":81,"column":70}},"type":"binary-expr","locations":[{"start":{"line":81,"column":34},"end":{"line":81,"column":50}},{"start":{"line":81,"column":54},"end":{"line":81,"column":70}}],"line":81},"14":{"loc":{"start":{"line":93,"column":4},"end":{"line":95,"column":5}},"type":"if","locations":[{"start":{"line":93,"column":4},"end":{"line":95,"column":5}},{"start":{},"end":{}}],"line":93},"15":{"loc":{"start":{"line":103,"column":4},"end":{"line":103,"column":27}},"type":"if","locations":[{"start":{"line":103,"column":4},"end":{"line":103,"column":27}},{"start":{},"end":{}}],"line":103},"16":{"loc":{"start":{"line":105,"column":54},"end":{"line":105,"column":64}},"type":"binary-expr","locations":[{"start":{"line":105,"column":54},"end":{"line":105,"column":58}},{"start":{"line":105,"column":62},"end":{"line":105,"column":64}}],"line":105},"17":{"loc":{"start":{"line":123,"column":42},"end":{"line":123,"column":55}},"type":"default-arg","locations":[{"start":{"line":123,"column":53},"end":{"line":123,"column":55}}],"line":123},"18":{"loc":{"start":{"line":124,"column":10},"end":{"line":124,"column":49}},"type":"cond-expr","locations":[{"start":{"line":124,"column":36},"end":{"line":124,"column":44}},{"start":{"line":124,"column":47},"end":{"line":124,"column":49}}],"line":124},"19":{"loc":{"start":{"line":128,"column":8},"end":{"line":131,"column":35}},"type":"binary-expr","locations":[{"start":{"line":128,"column":8},"end":{"line":128,"column":40}},{"start":{"line":129,"column":8},"end":{"line":129,"column":26}},{"start":{"line":130,"column":8},"end":{"line":130,"column":34}},{"start":{"line":131,"column":8},"end":{"line":131,"column":35}}],"line":128},"20":{"loc":{"start":{"line":137,"column":8},"end":{"line":137,"column":103}},"type":"cond-expr","locations":[{"start":{"line":137,"column":76},"end":{"line":137,"column":96}},{"start":{"line":137,"column":99},"end":{"line":137,"column":103}}],"line":137},"21":{"loc":{"start":{"line":137,"column":8},"end":{"line":137,"column":73}},"type":"binary-expr","locations":[{"start":{"line":137,"column":8},"end":{"line":137,"column":45}},{"start":{"line":137,"column":49},"end":{"line":137,"column":73}}],"line":137},"22":{"loc":{"start":{"line":141,"column":25},"end":{"line":141,"column":65}},"type":"binary-expr","locations":[{"start":{"line":141,"column":25},"end":{"line":141,"column":44}},{"start":{"line":141,"column":48},"end":{"line":141,"column":65}}],"line":141},"23":{"loc":{"start":{"line":142,"column":16},"end":{"line":142,"column":60}},"type":"binary-expr","locations":[{"start":{"line":142,"column":16},"end":{"line":142,"column":39}},{"start":{"line":142,"column":43},"end":{"line":142,"column":60}}],"line":142},"24":{"loc":{"start":{"line":143,"column":17},"end":{"line":143,"column":63}},"type":"binary-expr","locations":[{"start":{"line":143,"column":17},"end":{"line":143,"column":41}},{"start":{"line":143,"column":45},"end":{"line":143,"column":63}}],"line":143},"25":{"loc":{"start":{"line":144,"column":14},"end":{"line":144,"column":50}},"type":"binary-expr","locations":[{"start":{"line":144,"column":14},"end":{"line":144,"column":39}},{"start":{"line":144,"column":43},"end":{"line":144,"column":50}}],"line":144},"26":{"loc":{"start":{"line":146,"column":19},"end":{"line":146,"column":51}},"type":"binary-expr","locations":[{"start":{"line":146,"column":19},"end":{"line":146,"column":41}},{"start":{"line":146,"column":45},"end":{"line":146,"column":51}}],"line":146},"27":{"loc":{"start":{"line":159,"column":2},"end":{"line":159,"column":24}},"type":"default-arg","locations":[{"start":{"line":159,"column":22},"end":{"line":159,"column":24}}],"line":159},"28":{"loc":{"start":{"line":162,"column":4},"end":{"line":164,"column":5}},"type":"if","locations":[{"start":{"line":162,"column":4},"end":{"line":164,"column":5}},{"start":{},"end":{}}],"line":162},"29":{"loc":{"start":{"line":172,"column":33},"end":{"line":174,"column":16}},"type":"cond-expr","locations":[{"start":{"line":173,"column":12},"end":{"line":173,"column":47}},{"start":{"line":174,"column":12},"end":{"line":174,"column":16}}],"line":172},"30":{"loc":{"start":{"line":175,"column":22},"end":{"line":175,"column":76}},"type":"binary-expr","locations":[{"start":{"line":175,"column":22},"end":{"line":175,"column":46}},{"start":{"line":175,"column":50},"end":{"line":175,"column":68}},{"start":{"line":175,"column":72},"end":{"line":175,"column":76}}],"line":175},"31":{"loc":{"start":{"line":176,"column":23},"end":{"line":176,"column":49}},"type":"binary-expr","locations":[{"start":{"line":176,"column":23},"end":{"line":176,"column":41}},{"start":{"line":176,"column":45},"end":{"line":176,"column":49}}],"line":176},"32":{"loc":{"start":{"line":177,"column":24},"end":{"line":177,"column":81}},"type":"cond-expr","locations":[{"start":{"line":177,"column":59},"end":{"line":177,"column":76}},{"start":{"line":177,"column":79},"end":{"line":177,"column":81}}],"line":177},"33":{"loc":{"start":{"line":183,"column":4},"end":{"line":183,"column":27}},"type":"if","locations":[{"start":{"line":183,"column":4},"end":{"line":183,"column":27}},{"start":{},"end":{}}],"line":183}},"s":{"0":1,"1":1,"2":1,"3":1,"4":1,"5":4,"6":4,"7":1,"8":7,"9":7,"10":1,"11":2,"12":1,"13":2,"14":2,"15":1,"16":1,"17":1,"18":1,"19":2,"20":2,"21":2,"22":1,"23":1,"24":1,"25":1,"26":0,"27":0,"28":0,"29":0,"30":0,"31":0,"32":0,"33":0,"34":0,"35":0,"36":0,"37":1,"38":1,"39":3,"40":3,"41":1,"42":1,"43":1,"44":1,"45":0,"46":0,"47":0,"48":0,"49":0,"50":0,"51":0,"52":0,"53":0,"54":0,"55":0},"f":{"0":4,"1":7,"2":2,"3":2,"4":1,"5":2,"6":0,"7":1,"8":3,"9":1,"10":0,"11":0},"b":{"0":[4,0],"1":[4,0],"2":[4,4],"3":[7,0],"4":[7,1],"5":[2,0],"6":[2,0],"7":[2,0],"8":[0,2],"9":[0],"10":[1,0],"11":[1,1],"12":[1,1],"13":[1,0],"14":[0,0],"15":[0,0],"16":[0,0],"17":[0],"18":[1,0],"19":[3,2,2,1],"20":[1,0],"21":[1,1],"22":[1,0],"23":[1,0],"24":[1,0],"25":[1,0],"26":[1,0],"27":[0],"28":[0,0],"29":[0,0],"30":[0,0,0],"31":[0,0],"32":[0,0],"33":[0,0]},"_coverageSchema":"1a1c01bbd47fc00a2c39e90264f33305004495a9","hash":"6bf8a4fd0a45abff57ebb40a343c9e5c0864bf76"}
,"/Users/Drew1/Projects/Pikup-App/services/CustomerOrderSubmissionService.js": {"path":"/Users/Drew1/Projects/Pikup-App/services/CustomerOrderSubmissionService.js","statementMap":{"0":{"start":{"line":3,"column":41},"end":{"line":3,"column":45}},"1":{"start":{"line":5,"column":13},"end":{"line":5,"column":70}},"2":{"start":{"line":5,"column":21},"end":{"line":5,"column":70}},"3":{"start":{"line":5,"column":46},"end":{"line":5,"column":69}},"4":{"start":{"line":7,"column":36},"end":{"line":10,"column":1}},"5":{"start":{"line":8,"column":30},"end":{"line":8,"column":56}},"6":{"start":{"line":9,"column":2},"end":{"line":9,"column":57}},"7":{"start":{"line":12,"column":24},"end":{"line":18,"column":1}},"8":{"start":{"line":13,"column":22},"end":{"line":13,"column":35}},"9":{"start":{"line":14,"column":2},"end":{"line":16,"column":3}},"10":{"start":{"line":15,"column":4},"end":{"line":15,"column":13}},"11":{"start":{"line":17,"column":2},"end":{"line":17,"column":45}},"12":{"start":{"line":20,"column":34},"end":{"line":23,"column":1}},"13":{"start":{"line":21,"column":18},"end":{"line":21,"column":49}},"14":{"start":{"line":22,"column":2},"end":{"line":22,"column":63}},"15":{"start":{"line":25,"column":33},"end":{"line":27,"column":1}},"16":{"start":{"line":26,"column":2},"end":{"line":26,"column":82}},"17":{"start":{"line":29,"column":32},"end":{"line":34,"column":2}},"18":{"start":{"line":29,"column":70},"end":{"line":34,"column":1}},"19":{"start":{"line":36,"column":33},"end":{"line":46,"column":1}},"20":{"start":{"line":37,"column":25},"end":{"line":37,"column":57}},"21":{"start":{"line":38,"column":2},"end":{"line":40,"column":3}},"22":{"start":{"line":39,"column":4},"end":{"line":39,"column":16}},"23":{"start":{"line":41,"column":2},"end":{"line":45,"column":5}},"24":{"start":{"line":48,"column":25},"end":{"line":58,"column":2}},"25":{"start":{"line":48,"column":46},"end":{"line":58,"column":1}},"26":{"start":{"line":60,"column":33},"end":{"line":126,"column":1}},"27":{"start":{"line":66,"column":25},"end":{"line":66,"column":50}},"28":{"start":{"line":67,"column":18},"end":{"line":67,"column":41}},"29":{"start":{"line":68,"column":22},"end":{"line":68,"column":26}},"30":{"start":{"line":69,"column":20},"end":{"line":69,"column":31}},"31":{"start":{"line":70,"column":18},"end":{"line":70,"column":20}},"32":{"start":{"line":72,"column":2},"end":{"line":74,"column":3}},"33":{"start":{"line":73,"column":4},"end":{"line":73,"column":51}},"34":{"start":{"line":76,"column":2},"end":{"line":90,"column":3}},"35":{"start":{"line":77,"column":4},"end":{"line":82,"column":6}},"36":{"start":{"line":83,"column":4},"end":{"line":83,"column":72}},"37":{"start":{"line":84,"column":4},"end":{"line":88,"column":7}},"38":{"start":{"line":89,"column":4},"end":{"line":89,"column":51}},"39":{"start":{"line":92,"column":2},"end":{"line":108,"column":3}},"40":{"start":{"line":93,"column":4},"end":{"line":97,"column":7}},"41":{"start":{"line":98,"column":4},"end":{"line":105,"column":5}},"42":{"start":{"line":99,"column":6},"end":{"line":99,"column":40}},"43":{"start":{"line":100,"column":6},"end":{"line":104,"column":9}},"44":{"start":{"line":107,"column":4},"end":{"line":107,"column":63}},"45":{"start":{"line":110,"column":2},"end":{"line":123,"column":3}},"46":{"start":{"line":111,"column":4},"end":{"line":111,"column":72}},"47":{"start":{"line":112,"column":4},"end":{"line":117,"column":6}},"48":{"start":{"line":118,"column":4},"end":{"line":122,"column":7}},"49":{"start":{"line":125,"column":2},"end":{"line":125,"column":49}},"50":{"start":{"line":128,"column":35},"end":{"line":262,"column":1}},"51":{"start":{"line":138,"column":32},"end":{"line":138,"column":64}},"52":{"start":{"line":139,"column":22},"end":{"line":139,"column":60}},"53":{"start":{"line":140,"column":2},"end":{"line":146,"column":3}},"54":{"start":{"line":141,"column":4},"end":{"line":145,"column":6}},"55":{"start":{"line":147,"column":2},"end":{"line":153,"column":3}},"56":{"start":{"line":148,"column":4},"end":{"line":152,"column":6}},"57":{"start":{"line":155,"column":2},"end":{"line":261,"column":3}},"58":{"start":{"line":156,"column":35},"end":{"line":156,"column":78}},"59":{"start":{"line":157,"column":30},"end":{"line":157,"column":47}},"60":{"start":{"line":159,"column":4},"end":{"line":161,"column":5}},"61":{"start":{"line":160,"column":6},"end":{"line":160,"column":58}},"62":{"start":{"line":163,"column":4},"end":{"line":169,"column":5}},"63":{"start":{"line":164,"column":6},"end":{"line":168,"column":8}},"64":{"start":{"line":175,"column":8},"end":{"line":180,"column":6}},"65":{"start":{"line":182,"column":31},"end":{"line":182,"column":60}},"66":{"start":{"line":183,"column":4},"end":{"line":189,"column":5}},"67":{"start":{"line":184,"column":6},"end":{"line":188,"column":8}},"68":{"start":{"line":191,"column":30},"end":{"line":195,"column":6}},"69":{"start":{"line":196,"column":4},"end":{"line":202,"column":5}},"70":{"start":{"line":197,"column":6},"end":{"line":201,"column":8}},"71":{"start":{"line":204,"column":32},"end":{"line":209,"column":5}},"72":{"start":{"line":210,"column":4},"end":{"line":216,"column":5}},"73":{"start":{"line":211,"column":6},"end":{"line":215,"column":8}},"74":{"start":{"line":218,"column":26},"end":{"line":221,"column":5}},"75":{"start":{"line":222,"column":4},"end":{"line":228,"column":5}},"76":{"start":{"line":223,"column":6},"end":{"line":227,"column":8}},"77":{"start":{"line":230,"column":27},"end":{"line":247,"column":6}},"78":{"start":{"line":249,"column":4},"end":{"line":253,"column":6}},"79":{"start":{"line":255,"column":4},"end":{"line":255,"column":61}},"80":{"start":{"line":256,"column":4},"end":{"line":260,"column":6}}},"fnMap":{"0":{"name":"(anonymous_0)","decl":{"start":{"line":5,"column":13},"end":{"line":5,"column":14}},"loc":{"start":{"line":5,"column":21},"end":{"line":5,"column":70}},"line":5},"1":{"name":"(anonymous_1)","decl":{"start":{"line":5,"column":33},"end":{"line":5,"column":34}},"loc":{"start":{"line":5,"column":46},"end":{"line":5,"column":69}},"line":5},"2":{"name":"(anonymous_2)","decl":{"start":{"line":7,"column":36},"end":{"line":7,"column":37}},"loc":{"start":{"line":7,"column":42},"end":{"line":10,"column":1}},"line":7},"3":{"name":"(anonymous_3)","decl":{"start":{"line":12,"column":24},"end":{"line":12,"column":25}},"loc":{"start":{"line":12,"column":35},"end":{"line":18,"column":1}},"line":12},"4":{"name":"(anonymous_4)","decl":{"start":{"line":20,"column":34},"end":{"line":20,"column":35}},"loc":{"start":{"line":20,"column":54},"end":{"line":23,"column":1}},"line":20},"5":{"name":"(anonymous_5)","decl":{"start":{"line":25,"column":33},"end":{"line":25,"column":34}},"loc":{"start":{"line":25,"column":66},"end":{"line":27,"column":1}},"line":25},"6":{"name":"(anonymous_6)","decl":{"start":{"line":29,"column":32},"end":{"line":29,"column":33}},"loc":{"start":{"line":29,"column":70},"end":{"line":34,"column":1}},"line":29},"7":{"name":"(anonymous_7)","decl":{"start":{"line":36,"column":33},"end":{"line":36,"column":34}},"loc":{"start":{"line":36,"column":84},"end":{"line":46,"column":1}},"line":36},"8":{"name":"(anonymous_8)","decl":{"start":{"line":48,"column":25},"end":{"line":48,"column":26}},"loc":{"start":{"line":48,"column":46},"end":{"line":58,"column":1}},"line":48},"9":{"name":"(anonymous_9)","decl":{"start":{"line":60,"column":33},"end":{"line":60,"column":34}},"loc":{"start":{"line":65,"column":6},"end":{"line":126,"column":1}},"line":65},"10":{"name":"(anonymous_10)","decl":{"start":{"line":128,"column":35},"end":{"line":128,"column":36}},"loc":{"start":{"line":137,"column":6},"end":{"line":262,"column":1}},"line":137}},"branchMap":{"0":{"loc":{"start":{"line":14,"column":2},"end":{"line":16,"column":3}},"type":"if","locations":[{"start":{"line":14,"column":2},"end":{"line":16,"column":3}},{"start":{},"end":{}}],"line":14},"1":{"loc":{"start":{"line":22,"column":9},"end":{"line":22,"column":62}},"type":"cond-expr","locations":[{"start":{"line":22,"column":51},"end":{"line":22,"column":58}},{"start":{"line":22,"column":61},"end":{"line":22,"column":62}}],"line":22},"2":{"loc":{"start":{"line":22,"column":9},"end":{"line":22,"column":48}},"type":"binary-expr","locations":[{"start":{"line":22,"column":9},"end":{"line":22,"column":33}},{"start":{"line":22,"column":37},"end":{"line":22,"column":48}}],"line":22},"3":{"loc":{"start":{"line":38,"column":2},"end":{"line":40,"column":3}},"type":"if","locations":[{"start":{"line":38,"column":2},"end":{"line":40,"column":3}},{"start":{},"end":{}}],"line":38},"4":{"loc":{"start":{"line":48,"column":26},"end":{"line":48,"column":40}},"type":"default-arg","locations":[{"start":{"line":48,"column":38},"end":{"line":48,"column":40}}],"line":48},"5":{"loc":{"start":{"line":56,"column":14},"end":{"line":56,"column":43}},"type":"binary-expr","locations":[{"start":{"line":56,"column":14},"end":{"line":56,"column":38}},{"start":{"line":56,"column":42},"end":{"line":56,"column":43}}],"line":56},"6":{"loc":{"start":{"line":72,"column":2},"end":{"line":74,"column":3}},"type":"if","locations":[{"start":{"line":72,"column":2},"end":{"line":74,"column":3}},{"start":{},"end":{}}],"line":72},"7":{"loc":{"start":{"line":76,"column":2},"end":{"line":90,"column":3}},"type":"if","locations":[{"start":{"line":76,"column":2},"end":{"line":90,"column":3}},{"start":{},"end":{}}],"line":76},"8":{"loc":{"start":{"line":98,"column":4},"end":{"line":105,"column":5}},"type":"if","locations":[{"start":{"line":98,"column":4},"end":{"line":105,"column":5}},{"start":{},"end":{}}],"line":98},"9":{"loc":{"start":{"line":110,"column":2},"end":{"line":123,"column":3}},"type":"if","locations":[{"start":{"line":110,"column":2},"end":{"line":123,"column":3}},{"start":{},"end":{}}],"line":110},"10":{"loc":{"start":{"line":136,"column":2},"end":{"line":136,"column":58}},"type":"default-arg","locations":[{"start":{"line":136,"column":26},"end":{"line":136,"column":58}}],"line":136},"11":{"loc":{"start":{"line":139,"column":29},"end":{"line":139,"column":59}},"type":"binary-expr","locations":[{"start":{"line":139,"column":29},"end":{"line":139,"column":54}},{"start":{"line":139,"column":58},"end":{"line":139,"column":59}}],"line":139},"12":{"loc":{"start":{"line":140,"column":2},"end":{"line":146,"column":3}},"type":"if","locations":[{"start":{"line":140,"column":2},"end":{"line":146,"column":3}},{"start":{},"end":{}}],"line":140},"13":{"loc":{"start":{"line":147,"column":2},"end":{"line":153,"column":3}},"type":"if","locations":[{"start":{"line":147,"column":2},"end":{"line":153,"column":3}},{"start":{},"end":{}}],"line":147},"14":{"loc":{"start":{"line":159,"column":4},"end":{"line":161,"column":5}},"type":"if","locations":[{"start":{"line":159,"column":4},"end":{"line":161,"column":5}},{"start":{},"end":{}}],"line":159},"15":{"loc":{"start":{"line":159,"column":8},"end":{"line":159,"column":75}},"type":"binary-expr","locations":[{"start":{"line":159,"column":8},"end":{"line":159,"column":30}},{"start":{"line":159,"column":34},"end":{"line":159,"column":75}}],"line":159},"16":{"loc":{"start":{"line":163,"column":4},"end":{"line":169,"column":5}},"type":"if","locations":[{"start":{"line":163,"column":4},"end":{"line":169,"column":5}},{"start":{},"end":{}}],"line":163},"17":{"loc":{"start":{"line":163,"column":8},"end":{"line":163,"column":75}},"type":"binary-expr","locations":[{"start":{"line":163,"column":8},"end":{"line":163,"column":30}},{"start":{"line":163,"column":34},"end":{"line":163,"column":75}}],"line":163},"18":{"loc":{"start":{"line":183,"column":4},"end":{"line":189,"column":5}},"type":"if","locations":[{"start":{"line":183,"column":4},"end":{"line":189,"column":5}},{"start":{},"end":{}}],"line":183},"19":{"loc":{"start":{"line":183,"column":8},"end":{"line":183,"column":72}},"type":"binary-expr","locations":[{"start":{"line":183,"column":8},"end":{"line":183,"column":45}},{"start":{"line":183,"column":49},"end":{"line":183,"column":72}}],"line":183},"20":{"loc":{"start":{"line":192,"column":13},"end":{"line":192,"column":35}},"type":"binary-expr","locations":[{"start":{"line":192,"column":13},"end":{"line":192,"column":29}},{"start":{"line":192,"column":33},"end":{"line":192,"column":35}}],"line":192},"21":{"loc":{"start":{"line":196,"column":4},"end":{"line":202,"column":5}},"type":"if","locations":[{"start":{"line":196,"column":4},"end":{"line":202,"column":5}},{"start":{},"end":{}}],"line":196},"22":{"loc":{"start":{"line":199,"column":15},"end":{"line":199,"column":91}},"type":"binary-expr","locations":[{"start":{"line":199,"column":15},"end":{"line":199,"column":38}},{"start":{"line":199,"column":42},"end":{"line":199,"column":91}}],"line":199},"23":{"loc":{"start":{"line":210,"column":4},"end":{"line":216,"column":5}},"type":"if","locations":[{"start":{"line":210,"column":4},"end":{"line":216,"column":5}},{"start":{},"end":{}}],"line":210},"24":{"loc":{"start":{"line":210,"column":8},"end":{"line":210,"column":89}},"type":"binary-expr","locations":[{"start":{"line":210,"column":8},"end":{"line":210,"column":36}},{"start":{"line":210,"column":40},"end":{"line":210,"column":89}}],"line":210},"25":{"loc":{"start":{"line":213,"column":15},"end":{"line":213,"column":70}},"type":"binary-expr","locations":[{"start":{"line":213,"column":15},"end":{"line":213,"column":40}},{"start":{"line":213,"column":44},"end":{"line":213,"column":70}}],"line":213},"26":{"loc":{"start":{"line":222,"column":4},"end":{"line":228,"column":5}},"type":"if","locations":[{"start":{"line":222,"column":4},"end":{"line":228,"column":5}},{"start":{},"end":{}}],"line":222},"27":{"loc":{"start":{"line":225,"column":15},"end":{"line":225,"column":66}},"type":"binary-expr","locations":[{"start":{"line":225,"column":15},"end":{"line":225,"column":34}},{"start":{"line":225,"column":38},"end":{"line":225,"column":66}}],"line":225},"28":{"loc":{"start":{"line":233,"column":21},"end":{"line":233,"column":51}},"type":"binary-expr","locations":[{"start":{"line":233,"column":21},"end":{"line":233,"column":45}},{"start":{"line":233,"column":49},"end":{"line":233,"column":51}}],"line":233},"29":{"loc":{"start":{"line":234,"column":22},"end":{"line":234,"column":53}},"type":"binary-expr","locations":[{"start":{"line":234,"column":22},"end":{"line":234,"column":47}},{"start":{"line":234,"column":51},"end":{"line":234,"column":53}}],"line":234},"30":{"loc":{"start":{"line":237,"column":12},"end":{"line":237,"column":36}},"type":"binary-expr","locations":[{"start":{"line":237,"column":12},"end":{"line":237,"column":30}},{"start":{"line":237,"column":34},"end":{"line":237,"column":36}}],"line":237},"31":{"loc":{"start":{"line":239,"column":25},"end":{"line":239,"column":81}},"type":"binary-expr","locations":[{"start":{"line":239,"column":25},"end":{"line":239,"column":44}},{"start":{"line":239,"column":48},"end":{"line":239,"column":76}},{"start":{"line":239,"column":80},"end":{"line":239,"column":81}}],"line":239},"32":{"loc":{"start":{"line":243,"column":8},"end":{"line":245,"column":16}},"type":"cond-expr","locations":[{"start":{"line":244,"column":12},"end":{"line":244,"column":40}},{"start":{"line":245,"column":12},"end":{"line":245,"column":16}}],"line":243},"33":{"loc":{"start":{"line":251,"column":22},"end":{"line":251,"column":44}},"type":"binary-expr","locations":[{"start":{"line":251,"column":22},"end":{"line":251,"column":36}},{"start":{"line":251,"column":40},"end":{"line":251,"column":44}}],"line":251},"34":{"loc":{"start":{"line":258,"column":13},"end":{"line":258,"column":66}},"type":"binary-expr","locations":[{"start":{"line":258,"column":13},"end":{"line":258,"column":27}},{"start":{"line":258,"column":31},"end":{"line":258,"column":66}}],"line":258}},"s":{"0":1,"1":1,"2":1,"3":1,"4":1,"5":0,"6":0,"7":1,"8":2,"9":2,"10":0,"11":2,"12":1,"13":2,"14":2,"15":1,"16":2,"17":1,"18":3,"19":1,"20":5,"21":5,"22":2,"23":3,"24":1,"25":4,"26":1,"27":5,"28":5,"29":5,"30":5,"31":5,"32":5,"33":0,"34":5,"35":1,"36":1,"37":1,"38":1,"39":4,"40":4,"41":4,"42":1,"43":1,"44":0,"45":4,"46":1,"47":1,"48":1,"49":4,"50":1,"51":5,"52":5,"53":5,"54":0,"55":5,"56":0,"57":5,"58":5,"59":5,"60":5,"61":0,"62":5,"63":0,"64":5,"65":5,"66":5,"67":0,"68":5,"69":5,"70":1,"71":4,"72":4,"73":1,"74":3,"75":3,"76":0,"77":3,"78":3,"79":0,"80":0},"f":{"0":1,"1":1,"2":0,"3":2,"4":2,"5":2,"6":3,"7":5,"8":4,"9":5,"10":5},"b":{"0":[0,2],"1":[2,0],"2":[2,2],"3":[2,3],"4":[0],"5":[4,0],"6":[0,5],"7":[1,4],"8":[1,3],"9":[1,3],"10":[0],"11":[5,0],"12":[0,5],"13":[0,5],"14":[0,5],"15":[5,5],"16":[0,5],"17":[5,5],"18":[0,5],"19":[5,5],"20":[5,0],"21":[1,4],"22":[1,0],"23":[1,3],"24":[4,3],"25":[1,0],"26":[0,3],"27":[0,0],"28":[3,3],"29":[3,3],"30":[3,0],"31":[3,3,0],"32":[0,3],"33":[3,0],"34":[0,0]},"_coverageSchema":"1a1c01bbd47fc00a2c39e90264f33305004495a9","hash":"003273993a6511704798e254095b49a4e7774ed7"}
,"/Users/Drew1/Projects/Pikup-App/services/errorService.ts": {"path":"/Users/Drew1/Projects/Pikup-App/services/errorService.ts","statementMap":{"0":{"start":{"line":11,"column":30},"end":{"line":46,"column":1}},"1":{"start":{"line":15,"column":2},"end":{"line":17,"column":3}},"2":{"start":{"line":16,"column":4},"end":{"line":16,"column":40}},"3":{"start":{"line":19,"column":2},"end":{"line":21,"column":3}},"4":{"start":{"line":20,"column":4},"end":{"line":20,"column":30}},"5":{"start":{"line":23,"column":2},"end":{"line":29,"column":3}},"6":{"start":{"line":24,"column":17},"end":{"line":24,"column":50}},"7":{"start":{"line":25,"column":4},"end":{"line":28,"column":6}},"8":{"start":{"line":31,"column":2},"end":{"line":43,"column":3}},"9":{"start":{"line":32,"column":22},"end":{"line":37,"column":5}},"10":{"start":{"line":39,"column":4},"end":{"line":42,"column":6}},"11":{"start":{"line":45,"column":2},"end":{"line":45,"column":38}},"12":{"start":{"line":48,"column":30},"end":{"line":56,"column":1}},"13":{"start":{"line":53,"column":21},"end":{"line":53,"column":59}},"14":{"start":{"line":54,"column":2},"end":{"line":54,"column":58}},"15":{"start":{"line":55,"column":2},"end":{"line":55,"column":41}},"16":{"start":{"line":58,"column":29},"end":{"line":60,"column":1}},"17":{"start":{"line":59,"column":2},"end":{"line":59,"column":30}},"18":{"start":{"line":62,"column":32},"end":{"line":72,"column":1}},"19":{"start":{"line":68,"column":2},"end":{"line":71,"column":5}}},"fnMap":{"0":{"name":"(anonymous_0)","decl":{"start":{"line":11,"column":30},"end":{"line":11,"column":31}},"loc":{"start":{"line":14,"column":25},"end":{"line":46,"column":1}},"line":14},"1":{"name":"(anonymous_1)","decl":{"start":{"line":48,"column":30},"end":{"line":48,"column":31}},"loc":{"start":{"line":52,"column":5},"end":{"line":56,"column":1}},"line":52},"2":{"name":"(anonymous_2)","decl":{"start":{"line":58,"column":29},"end":{"line":58,"column":30}},"loc":{"start":{"line":58,"column":65},"end":{"line":60,"column":1}},"line":58},"3":{"name":"(anonymous_3)","decl":{"start":{"line":62,"column":32},"end":{"line":62,"column":33}},"loc":{"start":{"line":67,"column":5},"end":{"line":72,"column":1}},"line":67}},"branchMap":{"0":{"loc":{"start":{"line":13,"column":2},"end":{"line":13,"column":61}},"type":"default-arg","locations":[{"start":{"line":13,"column":20},"end":{"line":13,"column":61}}],"line":13},"1":{"loc":{"start":{"line":15,"column":2},"end":{"line":17,"column":3}},"type":"if","locations":[{"start":{"line":15,"column":2},"end":{"line":17,"column":3}},{"start":{},"end":{}}],"line":15},"2":{"loc":{"start":{"line":19,"column":2},"end":{"line":21,"column":3}},"type":"if","locations":[{"start":{"line":19,"column":2},"end":{"line":21,"column":3}},{"start":{},"end":{}}],"line":19},"3":{"loc":{"start":{"line":23,"column":2},"end":{"line":29,"column":3}},"type":"if","locations":[{"start":{"line":23,"column":2},"end":{"line":29,"column":3}},{"start":{},"end":{}}],"line":23},"4":{"loc":{"start":{"line":26,"column":15},"end":{"line":26,"column":47}},"type":"binary-expr","locations":[{"start":{"line":26,"column":15},"end":{"line":26,"column":28}},{"start":{"line":26,"column":32},"end":{"line":26,"column":47}}],"line":26},"5":{"loc":{"start":{"line":31,"column":2},"end":{"line":43,"column":3}},"type":"if","locations":[{"start":{"line":31,"column":2},"end":{"line":43,"column":3}},{"start":{},"end":{}}],"line":31},"6":{"loc":{"start":{"line":40,"column":15},"end":{"line":40,"column":91}},"type":"binary-expr","locations":[{"start":{"line":40,"column":15},"end":{"line":40,"column":32}},{"start":{"line":40,"column":36},"end":{"line":40,"column":51}},{"start":{"line":40,"column":55},"end":{"line":40,"column":72}},{"start":{"line":40,"column":76},"end":{"line":40,"column":91}}],"line":40},"7":{"loc":{"start":{"line":66,"column":2},"end":{"line":66,"column":26}},"type":"default-arg","locations":[{"start":{"line":66,"column":16},"end":{"line":66,"column":26}}],"line":66}},"s":{"0":2,"1":4,"2":1,"3":3,"4":1,"5":2,"6":1,"7":1,"8":1,"9":1,"10":1,"11":0,"12":2,"13":0,"14":0,"15":0,"16":2,"17":0,"18":2,"19":0},"f":{"0":4,"1":0,"2":0,"3":0},"b":{"0":[3],"1":[1,3],"2":[1,2],"3":[1,1],"4":[1,0],"5":[1,0],"6":[1,0,0,0],"7":[0]},"_coverageSchema":"1a1c01bbd47fc00a2c39e90264f33305004495a9","hash":"60ca68cd2dd69940329411259b6455d6f3c7d7ac"}
,"/Users/Drew1/Projects/Pikup-App/services/logger.ts": {"path":"/Users/Drew1/Projects/Pikup-App/services/logger.ts","statementMap":{"0":{"start":{"line":2,"column":14},"end":{"line":2,"column":64}},"1":{"start":{"line":4,"column":13},"end":{"line":7,"column":1}},"2":{"start":{"line":5,"column":17},"end":{"line":5,"column":29}},"3":{"start":{"line":6,"column":2},"end":{"line":6,"column":35}},"4":{"start":{"line":9,"column":22},"end":{"line":24,"column":1}},"5":{"start":{"line":11,"column":4},"end":{"line":11,"column":23}},"6":{"start":{"line":11,"column":16},"end":{"line":11,"column":23}},"7":{"start":{"line":12,"column":4},"end":{"line":12,"column":29}},"8":{"start":{"line":15,"column":4},"end":{"line":15,"column":23}},"9":{"start":{"line":15,"column":16},"end":{"line":15,"column":23}},"10":{"start":{"line":16,"column":4},"end":{"line":16,"column":30}},"11":{"start":{"line":19,"column":4},"end":{"line":19,"column":30}},"12":{"start":{"line":22,"column":4},"end":{"line":22,"column":31}}},"fnMap":{"0":{"name":"(anonymous_0)","decl":{"start":{"line":4,"column":13},"end":{"line":4,"column":14}},"loc":{"start":{"line":4,"column":90},"end":{"line":7,"column":1}},"line":4},"1":{"name":"(anonymous_1)","decl":{"start":{"line":10,"column":2},"end":{"line":10,"column":3}},"loc":{"start":{"line":10,"column":41},"end":{"line":13,"column":3}},"line":10},"2":{"name":"(anonymous_2)","decl":{"start":{"line":14,"column":2},"end":{"line":14,"column":3}},"loc":{"start":{"line":14,"column":40},"end":{"line":17,"column":3}},"line":14},"3":{"name":"(anonymous_3)","decl":{"start":{"line":18,"column":2},"end":{"line":18,"column":3}},"loc":{"start":{"line":18,"column":40},"end":{"line":20,"column":3}},"line":18},"4":{"name":"(anonymous_4)","decl":{"start":{"line":21,"column":2},"end":{"line":21,"column":3}},"loc":{"start":{"line":21,"column":41},"end":{"line":23,"column":3}},"line":21}},"branchMap":{"0":{"loc":{"start":{"line":2,"column":14},"end":{"line":2,"column":64}},"type":"binary-expr","locations":[{"start":{"line":2,"column":14},"end":{"line":2,"column":44}},{"start":{"line":2,"column":48},"end":{"line":2,"column":64}}],"line":2},"1":{"loc":{"start":{"line":11,"column":4},"end":{"line":11,"column":23}},"type":"if","locations":[{"start":{"line":11,"column":4},"end":{"line":11,"column":23}},{"start":{},"end":{}}],"line":11},"2":{"loc":{"start":{"line":15,"column":4},"end":{"line":15,"column":23}},"type":"if","locations":[{"start":{"line":15,"column":4},"end":{"line":15,"column":23}},{"start":{},"end":{}}],"line":15}},"s":{"0":2,"1":2,"2":0,"3":0,"4":2,"5":0,"6":0,"7":0,"8":0,"9":0,"10":0,"11":0,"12":0},"f":{"0":0,"1":0,"2":0,"3":0,"4":0},"b":{"0":[2,2],"1":[0,0],"2":[0,0]},"_coverageSchema":"1a1c01bbd47fc00a2c39e90264f33305004495a9","hash":"32e41d151e6d6f0eeeddde31e778d08a82f2a042"}
,"/Users/Drew1/Projects/Pikup-App/services/tripMapper.js": {"path":"/Users/Drew1/Projects/Pikup-App/services/tripMapper.js","statementMap":{"0":{"start":{"line":3,"column":17},"end":{"line":6,"column":1}},"1":{"start":{"line":4,"column":17},"end":{"line":4,"column":30}},"2":{"start":{"line":5,"column":2},"end":{"line":5,"column":46}},"3":{"start":{"line":8,"column":16},"end":{"line":10,"column":1}},"4":{"start":{"line":9,"column":2},"end":{"line":9,"column":43}},"5":{"start":{"line":12,"column":19},"end":{"line":26,"column":1}},"6":{"start":{"line":13,"column":2},"end":{"line":13,"column":26}},"7":{"start":{"line":13,"column":14},"end":{"line":13,"column":26}},"8":{"start":{"line":14,"column":2},"end":{"line":14,"column":46}},"9":{"start":{"line":14,"column":33},"end":{"line":14,"column":46}},"10":{"start":{"line":16,"column":2},"end":{"line":23,"column":3}},"11":{"start":{"line":17,"column":4},"end":{"line":22,"column":5}},"12":{"start":{"line":18,"column":21},"end":{"line":18,"column":38}},"13":{"start":{"line":19,"column":6},"end":{"line":19,"column":56}},"14":{"start":{"line":21,"column":6},"end":{"line":21,"column":18}},"15":{"start":{"line":25,"column":2},"end":{"line":25,"column":14}},"16":{"start":{"line":28,"column":19},"end":{"line":31,"column":1}},"17":{"start":{"line":29,"column":2},"end":{"line":29,"column":33}},"18":{"start":{"line":29,"column":17},"end":{"line":29,"column":33}},"19":{"start":{"line":30,"column":2},"end":{"line":30,"column":68}},"20":{"start":{"line":33,"column":29},"end":{"line":100,"column":1}},"21":{"start":{"line":34,"column":2},"end":{"line":34,"column":25}},"22":{"start":{"line":34,"column":13},"end":{"line":34,"column":25}},"23":{"start":{"line":36,"column":17},"end":{"line":36,"column":64}},"24":{"start":{"line":37,"column":18},"end":{"line":37,"column":67}},"25":{"start":{"line":38,"column":17},"end":{"line":38,"column":49}},"26":{"start":{"line":39,"column":23},"end":{"line":39,"column":71}},"27":{"start":{"line":40,"column":24},"end":{"line":40,"column":74}},"28":{"start":{"line":41,"column":18},"end":{"line":44,"column":3}},"29":{"start":{"line":46,"column":4},"end":{"line":50,"column":8}},"30":{"start":{"line":52,"column":2},"end":{"line":99,"column":4}},"31":{"start":{"line":96,"column":21},"end":{"line":96,"column":52}}},"fnMap":{"0":{"name":"(anonymous_0)","decl":{"start":{"line":3,"column":17},"end":{"line":3,"column":18}},"loc":{"start":{"line":3,"column":28},"end":{"line":6,"column":1}},"line":3},"1":{"name":"(anonymous_1)","decl":{"start":{"line":8,"column":16},"end":{"line":8,"column":17}},"loc":{"start":{"line":8,"column":27},"end":{"line":10,"column":1}},"line":8},"2":{"name":"(anonymous_2)","decl":{"start":{"line":12,"column":19},"end":{"line":12,"column":20}},"loc":{"start":{"line":12,"column":30},"end":{"line":26,"column":1}},"line":12},"3":{"name":"(anonymous_3)","decl":{"start":{"line":28,"column":19},"end":{"line":28,"column":20}},"loc":{"start":{"line":28,"column":48},"end":{"line":31,"column":1}},"line":28},"4":{"name":"(anonymous_4)","decl":{"start":{"line":33,"column":29},"end":{"line":33,"column":30}},"loc":{"start":{"line":33,"column":39},"end":{"line":100,"column":1}},"line":33},"5":{"name":"(anonymous_5)","decl":{"start":{"line":96,"column":6},"end":{"line":96,"column":7}},"loc":{"start":{"line":96,"column":21},"end":{"line":96,"column":52}},"line":96}},"branchMap":{"0":{"loc":{"start":{"line":5,"column":9},"end":{"line":5,"column":45}},"type":"cond-expr","locations":[{"start":{"line":5,"column":35},"end":{"line":5,"column":41}},{"start":{"line":5,"column":44},"end":{"line":5,"column":45}}],"line":5},"1":{"loc":{"start":{"line":9,"column":9},"end":{"line":9,"column":42}},"type":"cond-expr","locations":[{"start":{"line":9,"column":32},"end":{"line":9,"column":37}},{"start":{"line":9,"column":40},"end":{"line":9,"column":42}}],"line":9},"2":{"loc":{"start":{"line":13,"column":2},"end":{"line":13,"column":26}},"type":"if","locations":[{"start":{"line":13,"column":2},"end":{"line":13,"column":26}},{"start":{},"end":{}}],"line":13},"3":{"loc":{"start":{"line":14,"column":2},"end":{"line":14,"column":46}},"type":"if","locations":[{"start":{"line":14,"column":2},"end":{"line":14,"column":46}},{"start":{},"end":{}}],"line":14},"4":{"loc":{"start":{"line":16,"column":2},"end":{"line":23,"column":3}},"type":"if","locations":[{"start":{"line":16,"column":2},"end":{"line":23,"column":3}},{"start":{},"end":{}}],"line":16},"5":{"loc":{"start":{"line":19,"column":13},"end":{"line":19,"column":55}},"type":"cond-expr","locations":[{"start":{"line":19,"column":42},"end":{"line":19,"column":48}},{"start":{"line":19,"column":51},"end":{"line":19,"column":55}}],"line":19},"6":{"loc":{"start":{"line":28,"column":30},"end":{"line":28,"column":43}},"type":"default-arg","locations":[{"start":{"line":28,"column":41},"end":{"line":28,"column":43}}],"line":28},"7":{"loc":{"start":{"line":29,"column":2},"end":{"line":29,"column":33}},"type":"if","locations":[{"start":{"line":29,"column":2},"end":{"line":29,"column":33}},{"start":{},"end":{}}],"line":29},"8":{"loc":{"start":{"line":30,"column":9},"end":{"line":30,"column":67}},"type":"binary-expr","locations":[{"start":{"line":30,"column":9},"end":{"line":30,"column":25}},{"start":{"line":30,"column":29},"end":{"line":30,"column":55}},{"start":{"line":30,"column":59},"end":{"line":30,"column":67}}],"line":30},"9":{"loc":{"start":{"line":34,"column":2},"end":{"line":34,"column":25}},"type":"if","locations":[{"start":{"line":34,"column":2},"end":{"line":34,"column":25}},{"start":{},"end":{}}],"line":34},"10":{"loc":{"start":{"line":36,"column":28},"end":{"line":36,"column":63}},"type":"binary-expr","locations":[{"start":{"line":36,"column":28},"end":{"line":36,"column":48}},{"start":{"line":36,"column":52},"end":{"line":36,"column":63}}],"line":36},"11":{"loc":{"start":{"line":37,"column":29},"end":{"line":37,"column":66}},"type":"binary-expr","locations":[{"start":{"line":37,"column":29},"end":{"line":37,"column":50}},{"start":{"line":37,"column":54},"end":{"line":37,"column":66}}],"line":37},"12":{"loc":{"start":{"line":39,"column":31},"end":{"line":39,"column":70}},"type":"binary-expr","locations":[{"start":{"line":39,"column":31},"end":{"line":39,"column":49}},{"start":{"line":39,"column":53},"end":{"line":39,"column":70}}],"line":39},"13":{"loc":{"start":{"line":40,"column":32},"end":{"line":40,"column":73}},"type":"binary-expr","locations":[{"start":{"line":40,"column":32},"end":{"line":40,"column":51}},{"start":{"line":40,"column":55},"end":{"line":40,"column":73}}],"line":40},"14":{"loc":{"start":{"line":41,"column":18},"end":{"line":44,"column":3}},"type":"binary-expr","locations":[{"start":{"line":41,"column":18},"end":{"line":41,"column":30}},{"start":{"line":41,"column":34},"end":{"line":41,"column":49}},{"start":{"line":41,"column":53},"end":{"line":44,"column":3}}],"line":41},"15":{"loc":{"start":{"line":46,"column":4},"end":{"line":50,"column":8}},"type":"binary-expr","locations":[{"start":{"line":46,"column":4},"end":{"line":46,"column":29}},{"start":{"line":47,"column":4},"end":{"line":47,"column":30}},{"start":{"line":48,"column":4},"end":{"line":48,"column":32}},{"start":{"line":49,"column":4},"end":{"line":49,"column":41}},{"start":{"line":50,"column":4},"end":{"line":50,"column":8}}],"line":46},"16":{"loc":{"start":{"line":57,"column":15},"end":{"line":57,"column":56}},"type":"binary-expr","locations":[{"start":{"line":57,"column":15},"end":{"line":57,"column":30}},{"start":{"line":57,"column":34},"end":{"line":57,"column":48}},{"start":{"line":57,"column":52},"end":{"line":57,"column":56}}],"line":57},"17":{"loc":{"start":{"line":58,"column":15},"end":{"line":58,"column":56}},"type":"binary-expr","locations":[{"start":{"line":58,"column":15},"end":{"line":58,"column":30}},{"start":{"line":58,"column":34},"end":{"line":58,"column":48}},{"start":{"line":58,"column":52},"end":{"line":58,"column":56}}],"line":58},"18":{"loc":{"start":{"line":61,"column":19},"end":{"line":61,"column":59}},"type":"binary-expr","locations":[{"start":{"line":61,"column":19},"end":{"line":61,"column":37}},{"start":{"line":61,"column":41},"end":{"line":61,"column":59}}],"line":61},"19":{"loc":{"start":{"line":62,"column":20},"end":{"line":62,"column":62}},"type":"binary-expr","locations":[{"start":{"line":62,"column":20},"end":{"line":62,"column":39}},{"start":{"line":62,"column":43},"end":{"line":62,"column":62}}],"line":62},"20":{"loc":{"start":{"line":67,"column":19},"end":{"line":67,"column":68}},"type":"binary-expr","locations":[{"start":{"line":67,"column":19},"end":{"line":67,"column":37}},{"start":{"line":67,"column":41},"end":{"line":67,"column":60}},{"start":{"line":67,"column":64},"end":{"line":67,"column":68}}],"line":67},"21":{"loc":{"start":{"line":69,"column":10},"end":{"line":69,"column":98}},"type":"binary-expr","locations":[{"start":{"line":69,"column":10},"end":{"line":69,"column":19}},{"start":{"line":69,"column":24},"end":{"line":69,"column":97}}],"line":69},"22":{"loc":{"start":{"line":69,"column":24},"end":{"line":69,"column":97}},"type":"cond-expr","locations":[{"start":{"line":69,"column":77},"end":{"line":69,"column":90}},{"start":{"line":69,"column":93},"end":{"line":69,"column":97}}],"line":69},"23":{"loc":{"start":{"line":69,"column":24},"end":{"line":69,"column":74}},"type":"binary-expr","locations":[{"start":{"line":69,"column":24},"end":{"line":69,"column":49}},{"start":{"line":69,"column":53},"end":{"line":69,"column":74}}],"line":69},"24":{"loc":{"start":{"line":70,"column":17},"end":{"line":70,"column":84}},"type":"binary-expr","locations":[{"start":{"line":70,"column":17},"end":{"line":70,"column":33}},{"start":{"line":70,"column":37},"end":{"line":70,"column":54}},{"start":{"line":70,"column":58},"end":{"line":70,"column":76}},{"start":{"line":70,"column":80},"end":{"line":70,"column":84}}],"line":70},"25":{"loc":{"start":{"line":71,"column":18},"end":{"line":71,"column":65}},"type":"binary-expr","locations":[{"start":{"line":71,"column":18},"end":{"line":71,"column":35}},{"start":{"line":71,"column":39},"end":{"line":71,"column":57}},{"start":{"line":71,"column":61},"end":{"line":71,"column":65}}],"line":71},"26":{"loc":{"start":{"line":72,"column":13},"end":{"line":72,"column":84}},"type":"binary-expr","locations":[{"start":{"line":72,"column":13},"end":{"line":72,"column":25}},{"start":{"line":72,"column":29},"end":{"line":72,"column":84}}],"line":72},"27":{"loc":{"start":{"line":72,"column":37},"end":{"line":72,"column":82}},"type":"binary-expr","locations":[{"start":{"line":72,"column":37},"end":{"line":72,"column":53}},{"start":{"line":72,"column":57},"end":{"line":72,"column":74}},{"start":{"line":72,"column":78},"end":{"line":72,"column":82}}],"line":72},"28":{"loc":{"start":{"line":74,"column":16},"end":{"line":74,"column":59}},"type":"binary-expr","locations":[{"start":{"line":74,"column":16},"end":{"line":74,"column":31}},{"start":{"line":74,"column":35},"end":{"line":74,"column":51}},{"start":{"line":74,"column":55},"end":{"line":74,"column":59}}],"line":74},"29":{"loc":{"start":{"line":75,"column":14},"end":{"line":75,"column":53}},"type":"binary-expr","locations":[{"start":{"line":75,"column":14},"end":{"line":75,"column":27}},{"start":{"line":75,"column":31},"end":{"line":75,"column":45}},{"start":{"line":75,"column":49},"end":{"line":75,"column":53}}],"line":75},"30":{"loc":{"start":{"line":76,"column":22},"end":{"line":76,"column":69}},"type":"binary-expr","locations":[{"start":{"line":76,"column":22},"end":{"line":76,"column":43}},{"start":{"line":76,"column":47},"end":{"line":76,"column":61}},{"start":{"line":76,"column":65},"end":{"line":76,"column":69}}],"line":76},"31":{"loc":{"start":{"line":78,"column":6},"end":{"line":83,"column":10}},"type":"binary-expr","locations":[{"start":{"line":78,"column":6},"end":{"line":78,"column":30}},{"start":{"line":79,"column":6},"end":{"line":79,"column":32}},{"start":{"line":80,"column":6},"end":{"line":80,"column":22}},{"start":{"line":81,"column":6},"end":{"line":81,"column":23}},{"start":{"line":82,"column":6},"end":{"line":82,"column":24}},{"start":{"line":83,"column":6},"end":{"line":83,"column":10}}],"line":78},"32":{"loc":{"start":{"line":84,"column":20},"end":{"line":84,"column":75}},"type":"binary-expr","locations":[{"start":{"line":84,"column":20},"end":{"line":84,"column":39}},{"start":{"line":84,"column":43},"end":{"line":84,"column":75}}],"line":84},"33":{"loc":{"start":{"line":88,"column":16},"end":{"line":88,"column":86}},"type":"binary-expr","locations":[{"start":{"line":88,"column":16},"end":{"line":88,"column":45}},{"start":{"line":88,"column":49},"end":{"line":88,"column":86}}],"line":88},"34":{"loc":{"start":{"line":90,"column":17},"end":{"line":90,"column":50}},"type":"binary-expr","locations":[{"start":{"line":90,"column":17},"end":{"line":90,"column":42}},{"start":{"line":90,"column":46},"end":{"line":90,"column":50}}],"line":90},"35":{"loc":{"start":{"line":91,"column":15},"end":{"line":91,"column":46}},"type":"binary-expr","locations":[{"start":{"line":91,"column":15},"end":{"line":91,"column":38}},{"start":{"line":91,"column":42},"end":{"line":91,"column":46}}],"line":91},"36":{"loc":{"start":{"line":92,"column":15},"end":{"line":92,"column":87}},"type":"cond-expr","locations":[{"start":{"line":92,"column":48},"end":{"line":92,"column":80}},{"start":{"line":92,"column":83},"end":{"line":92,"column":87}}],"line":92},"37":{"loc":{"start":{"line":93,"column":14},"end":{"line":93,"column":43}},"type":"binary-expr","locations":[{"start":{"line":93,"column":14},"end":{"line":93,"column":35}},{"start":{"line":93,"column":39},"end":{"line":93,"column":43}}],"line":93},"38":{"loc":{"start":{"line":95,"column":15},"end":{"line":98,"column":13}},"type":"binary-expr","locations":[{"start":{"line":95,"column":15},"end":{"line":98,"column":5}},{"start":{"line":98,"column":9},"end":{"line":98,"column":13}}],"line":95},"39":{"loc":{"start":{"line":96,"column":28},"end":{"line":96,"column":51}},"type":"binary-expr","locations":[{"start":{"line":96,"column":28},"end":{"line":96,"column":46}},{"start":{"line":96,"column":50},"end":{"line":96,"column":51}}],"line":96}},"s":{"0":1,"1":1,"2":1,"3":1,"4":4,"5":1,"6":3,"7":1,"8":2,"9":1,"10":1,"11":1,"12":1,"13":1,"14":0,"15":0,"16":1,"17":2,"18":0,"19":2,"20":1,"21":2,"22":1,"23":1,"24":1,"25":1,"26":1,"27":1,"28":1,"29":1,"30":1,"31":2},"f":{"0":1,"1":4,"2":3,"3":2,"4":2,"5":2},"b":{"0":[1,0],"1":[3,1],"2":[1,2],"3":[1,1],"4":[1,0],"5":[1,0],"6":[2],"7":[0,2],"8":[2,1,0],"9":[1,1],"10":[1,0],"11":[1,0],"12":[1,0],"13":[1,1],"14":[1,0,0],"15":[1,1,1,1,1],"16":[1,0,0],"17":[1,1,1],"18":[1,1],"19":[1,1],"20":[1,1,1],"21":[1,1],"22":[1,0],"23":[1,1],"24":[1,1,1,1],"25":[1,1,1],"26":[1,1],"27":[1,1,1],"28":[1,1,0],"29":[1,1,0],"30":[1,1,0],"31":[1,1,1,1,1,1],"32":[1,1],"33":[1,0],"34":[1,0],"35":[1,1],"36":[1,0],"37":[1,0],"38":[1,0],"39":[2,0]},"_coverageSchema":"1a1c01bbd47fc00a2c39e90264f33305004495a9","hash":"d6312b13e21d4c4bcb0474a71b2bc6a15e4f8ee1"}
}
