TN:
SF:config/appConfig.ts
FN:1,(anonymous_0)
FN:9,(anonymous_1)
FN:13,(anonymous_2)
FN:61,(anonymous_3)
FNF:4
FNH:4
FNDA:45,(anonymous_0)
FNDA:6,(anonymous_1)
FNDA:6,(anonymous_2)
FNDA:3,(anonymous_3)
DA:1,3
DA:2,45
DA:3,45
DA:4,45
DA:5,3
DA:6,3
DA:9,3
DA:10,6
DA:13,6
DA:17,3
DA:19,3
DA:21,3
DA:61,3
DA:62,3
DA:63,0
DA:66,3
DA:67,3
DA:69,3
LF:18
LH:17
BRDA:1,0,0,15
BRDA:2,1,0,45
BRDA:2,1,1,0
BRDA:4,2,0,42
BRDA:4,2,1,3
BRDA:6,3,0,3
BRDA:6,3,1,0
BRDA:11,4,0,6
BRDA:11,4,1,2
BRDA:17,5,0,3
BRDA:17,5,1,3
BRDA:19,6,0,3
BRDA:19,6,1,0
BRDA:57,7,0,3
BRDA:57,7,1,3
BRDA:62,8,0,0
BRDA:62,8,1,3
BRDA:66,9,0,3
BRDA:66,9,1,2
BRDA:66,9,2,2
BRDA:67,10,0,3
BRDA:67,10,1,1
BRDA:70,11,0,3
BRDA:70,11,1,1
BRDA:70,11,2,2
BRDA:70,11,3,2
BRF:26
BRH:22
end_of_record
TN:
SF:constants/tripStatus.js
FN:64,(anonymous_0)
FN:77,(anonymous_1)
FN:82,(anonymous_2)
FNF:3
FNH:3
FNDA:12,(anonymous_0)
FNDA:2,(anonymous_1)
FNDA:2,(anonymous_2)
DA:1,3
DA:13,3
DA:25,3
DA:43,3
DA:52,3
DA:58,3
DA:64,3
DA:65,12
DA:66,1
DA:69,11
DA:70,11
DA:71,1
DA:74,10
DA:77,3
DA:78,2
DA:79,2
DA:82,3
DA:83,2
DA:84,2
LF:19
LH:19
BRDA:65,0,0,1
BRDA:65,0,1,11
BRDA:70,1,0,1
BRDA:70,1,1,10
BRDA:74,2,0,10
BRDA:74,2,1,0
BRDA:74,2,2,0
BRDA:79,3,0,2
BRDA:79,3,1,0
BRF:9
BRH:6
end_of_record
TN:
SF:services/ClaimsService.js
FN:37,(anonymous_0)
FN:42,(anonymous_1)
FN:47,(anonymous_2)
FN:50,(anonymous_3)
FN:69,(anonymous_4)
FN:73,(anonymous_5)
FN:91,(anonymous_6)
FN:123,(anonymous_7)
FN:125,(anonymous_8)
FN:134,(anonymous_9)
FN:154,(anonymous_10)
FN:178,(anonymous_11)
FNF:12
FNH:9
FNDA:4,(anonymous_0)
FNDA:7,(anonymous_1)
FNDA:2,(anonymous_2)
FNDA:2,(anonymous_3)
FNDA:1,(anonymous_4)
FNDA:2,(anonymous_5)
FNDA:0,(anonymous_6)
FNDA:1,(anonymous_7)
FNDA:3,(anonymous_8)
FNDA:1,(anonymous_9)
FNDA:0,(anonymous_10)
FNDA:0,(anonymous_11)
DA:6,1
DA:13,1
DA:20,1
DA:27,1
DA:37,1
DA:38,4
DA:39,4
DA:42,1
DA:43,7
DA:44,7
DA:47,1
DA:48,2
DA:50,1
DA:51,2
DA:52,2
DA:69,1
DA:70,1
DA:71,1
DA:73,1
DA:74,2
DA:75,2
DA:77,2
DA:78,1
DA:84,1
DA:88,1
DA:91,1
DA:92,0
DA:93,0
DA:94,0
DA:97,0
DA:103,0
DA:105,0
DA:106,0
DA:112,0
DA:113,0
DA:114,0
DA:123,1
DA:124,1
DA:126,3
DA:127,3
DA:135,1
DA:137,1
DA:139,1
DA:154,1
DA:161,0
DA:162,0
DA:163,0
DA:166,0
DA:178,0
DA:183,0
DA:184,0
DA:186,0
DA:187,0
DA:188,0
LF:54
LH:34
BRDA:38,0,0,4
BRDA:38,0,1,0
BRDA:39,1,0,4
BRDA:39,1,1,0
BRDA:39,2,0,4
BRDA:39,2,1,4
BRDA:43,3,0,7
BRDA:43,3,1,0
BRDA:44,4,0,7
BRDA:44,4,1,1
BRDA:48,5,0,2
BRDA:48,5,1,0
BRDA:55,6,0,2
BRDA:55,6,1,0
BRDA:59,7,0,2
BRDA:59,7,1,0
BRDA:61,8,0,0
BRDA:61,8,1,2
BRDA:69,9,0,0
BRDA:73,10,0,1
BRDA:73,10,1,0
BRDA:77,11,0,1
BRDA:77,11,1,1
BRDA:80,12,0,1
BRDA:80,12,1,1
BRDA:81,13,0,1
BRDA:81,13,1,0
BRDA:93,14,0,0
BRDA:93,14,1,0
BRDA:103,15,0,0
BRDA:103,15,1,0
BRDA:105,16,0,0
BRDA:105,16,1,0
BRDA:123,17,0,0
BRDA:124,18,0,1
BRDA:124,18,1,0
BRDA:128,19,0,3
BRDA:128,19,1,2
BRDA:128,19,2,2
BRDA:128,19,3,1
BRDA:137,20,0,1
BRDA:137,20,1,0
BRDA:137,21,0,1
BRDA:137,21,1,1
BRDA:141,22,0,1
BRDA:141,22,1,0
BRDA:142,23,0,1
BRDA:142,23,1,0
BRDA:143,24,0,1
BRDA:143,24,1,0
BRDA:144,25,0,1
BRDA:144,25,1,0
BRDA:146,26,0,1
BRDA:146,26,1,0
BRDA:159,27,0,0
BRDA:162,28,0,0
BRDA:162,28,1,0
BRDA:172,29,0,0
BRDA:172,29,1,0
BRDA:175,30,0,0
BRDA:175,30,1,0
BRDA:175,30,2,0
BRDA:176,31,0,0
BRDA:176,31,1,0
BRDA:177,32,0,0
BRDA:177,32,1,0
BRDA:183,33,0,0
BRDA:183,33,1,0
BRF:68
BRH:30
end_of_record
TN:
SF:services/CustomerOrderSubmissionService.js
FN:5,(anonymous_0)
FN:5,(anonymous_1)
FN:7,(anonymous_2)
FN:12,(anonymous_3)
FN:20,(anonymous_4)
FN:25,(anonymous_5)
FN:29,(anonymous_6)
FN:36,(anonymous_7)
FN:48,(anonymous_8)
FN:60,(anonymous_9)
FN:128,(anonymous_10)
FNF:11
FNH:10
FNDA:1,(anonymous_0)
FNDA:1,(anonymous_1)
FNDA:0,(anonymous_2)
FNDA:2,(anonymous_3)
FNDA:2,(anonymous_4)
FNDA:2,(anonymous_5)
FNDA:3,(anonymous_6)
FNDA:5,(anonymous_7)
FNDA:4,(anonymous_8)
FNDA:5,(anonymous_9)
FNDA:5,(anonymous_10)
DA:3,1
DA:5,1
DA:7,1
DA:8,0
DA:9,0
DA:12,1
DA:13,2
DA:14,2
DA:15,0
DA:17,2
DA:20,1
DA:21,2
DA:22,2
DA:25,1
DA:26,2
DA:29,3
DA:36,1
DA:37,5
DA:38,5
DA:39,2
DA:41,3
DA:48,4
DA:60,1
DA:66,5
DA:67,5
DA:68,5
DA:69,5
DA:70,5
DA:72,5
DA:73,0
DA:76,5
DA:77,1
DA:83,1
DA:84,1
DA:89,1
DA:92,4
DA:93,4
DA:98,4
DA:99,1
DA:100,1
DA:107,0
DA:110,4
DA:111,1
DA:112,1
DA:118,1
DA:125,4
DA:128,1
DA:138,5
DA:139,5
DA:140,5
DA:141,0
DA:147,5
DA:148,0
DA:155,5
DA:156,5
DA:157,5
DA:159,5
DA:160,0
DA:163,5
DA:164,0
DA:175,5
DA:182,5
DA:183,5
DA:184,0
DA:191,5
DA:196,5
DA:197,1
DA:204,4
DA:210,4
DA:211,1
DA:218,3
DA:222,3
DA:223,0
DA:230,3
DA:249,3
DA:255,0
DA:256,0
LF:77
LH:64
BRDA:14,0,0,0
BRDA:14,0,1,2
BRDA:22,1,0,2
BRDA:22,1,1,0
BRDA:22,2,0,2
BRDA:22,2,1,2
BRDA:38,3,0,2
BRDA:38,3,1,3
BRDA:48,4,0,0
BRDA:56,5,0,4
BRDA:56,5,1,0
BRDA:72,6,0,0
BRDA:72,6,1,5
BRDA:76,7,0,1
BRDA:76,7,1,4
BRDA:98,8,0,1
BRDA:98,8,1,3
BRDA:110,9,0,1
BRDA:110,9,1,3
BRDA:136,10,0,0
BRDA:139,11,0,5
BRDA:139,11,1,0
BRDA:140,12,0,0
BRDA:140,12,1,5
BRDA:147,13,0,0
BRDA:147,13,1,5
BRDA:159,14,0,0
BRDA:159,14,1,5
BRDA:159,15,0,5
BRDA:159,15,1,5
BRDA:163,16,0,0
BRDA:163,16,1,5
BRDA:163,17,0,5
BRDA:163,17,1,5
BRDA:183,18,0,0
BRDA:183,18,1,5
BRDA:183,19,0,5
BRDA:183,19,1,5
BRDA:192,20,0,5
BRDA:192,20,1,0
BRDA:196,21,0,1
BRDA:196,21,1,4
BRDA:199,22,0,1
BRDA:199,22,1,0
BRDA:210,23,0,1
BRDA:210,23,1,3
BRDA:210,24,0,4
BRDA:210,24,1,3
BRDA:213,25,0,1
BRDA:213,25,1,0
BRDA:222,26,0,0
BRDA:222,26,1,3
BRDA:225,27,0,0
BRDA:225,27,1,0
BRDA:233,28,0,3
BRDA:233,28,1,3
BRDA:234,29,0,3
BRDA:234,29,1,3
BRDA:237,30,0,3
BRDA:237,30,1,0
BRDA:239,31,0,3
BRDA:239,31,1,3
BRDA:239,31,2,0
BRDA:243,32,0,0
BRDA:243,32,1,3
BRDA:251,33,0,3
BRDA:251,33,1,0
BRDA:258,34,0,0
BRDA:258,34,1,0
BRF:69
BRH:45
end_of_record
TN:
SF:services/errorService.ts
FN:11,(anonymous_0)
FN:48,(anonymous_1)
FN:58,(anonymous_2)
FN:62,(anonymous_3)
FNF:4
FNH:1
FNDA:4,(anonymous_0)
FNDA:0,(anonymous_1)
FNDA:0,(anonymous_2)
FNDA:0,(anonymous_3)
DA:11,2
DA:15,4
DA:16,1
DA:19,3
DA:20,1
DA:23,2
DA:24,1
DA:25,1
DA:31,1
DA:32,1
DA:39,1
DA:45,0
DA:48,2
DA:53,0
DA:54,0
DA:55,0
DA:58,2
DA:59,0
DA:62,2
DA:68,0
LF:20
LH:14
BRDA:13,0,0,3
BRDA:15,1,0,1
BRDA:15,1,1,3
BRDA:19,2,0,1
BRDA:19,2,1,2
BRDA:23,3,0,1
BRDA:23,3,1,1
BRDA:26,4,0,1
BRDA:26,4,1,0
BRDA:31,5,0,1
BRDA:31,5,1,0
BRDA:40,6,0,1
BRDA:40,6,1,0
BRDA:40,6,2,0
BRDA:40,6,3,0
BRDA:66,7,0,0
BRF:16
BRH:10
end_of_record
TN:
SF:services/logger.ts
FN:4,(anonymous_0)
FN:10,(anonymous_1)
FN:14,(anonymous_2)
FN:18,(anonymous_3)
FN:21,(anonymous_4)
FNF:5
FNH:0
FNDA:0,(anonymous_0)
FNDA:0,(anonymous_1)
FNDA:0,(anonymous_2)
FNDA:0,(anonymous_3)
FNDA:0,(anonymous_4)
DA:2,2
DA:4,2
DA:5,0
DA:6,0
DA:9,2
DA:11,0
DA:12,0
DA:15,0
DA:16,0
DA:19,0
DA:22,0
LF:11
LH:3
BRDA:2,0,0,2
BRDA:2,0,1,2
BRDA:11,1,0,0
BRDA:11,1,1,0
BRDA:15,2,0,0
BRDA:15,2,1,0
BRF:6
BRH:2
end_of_record
TN:
SF:services/tripMapper.js
FN:3,(anonymous_0)
FN:8,(anonymous_1)
FN:12,(anonymous_2)
FN:28,(anonymous_3)
FN:33,(anonymous_4)
FN:96,(anonymous_5)
FNF:6
FNH:6
FNDA:1,(anonymous_0)
FNDA:4,(anonymous_1)
FNDA:3,(anonymous_2)
FNDA:2,(anonymous_3)
FNDA:2,(anonymous_4)
FNDA:2,(anonymous_5)
DA:3,1
DA:4,1
DA:5,1
DA:8,1
DA:9,4
DA:12,1
DA:13,3
DA:14,2
DA:16,1
DA:17,1
DA:18,1
DA:19,1
DA:21,0
DA:25,0
DA:28,1
DA:29,2
DA:30,2
DA:33,1
DA:34,2
DA:36,1
DA:37,1
DA:38,1
DA:39,1
DA:40,1
DA:41,1
DA:46,1
DA:52,1
DA:96,2
LF:28
LH:26
BRDA:5,0,0,1
BRDA:5,0,1,0
BRDA:9,1,0,3
BRDA:9,1,1,1
BRDA:13,2,0,1
BRDA:13,2,1,2
BRDA:14,3,0,1
BRDA:14,3,1,1
BRDA:16,4,0,1
BRDA:16,4,1,0
BRDA:19,5,0,1
BRDA:19,5,1,0
BRDA:28,6,0,2
BRDA:29,7,0,0
BRDA:29,7,1,2
BRDA:30,8,0,2
BRDA:30,8,1,1
BRDA:30,8,2,0
BRDA:34,9,0,1
BRDA:34,9,1,1
BRDA:36,10,0,1
BRDA:36,10,1,0
BRDA:37,11,0,1
BRDA:37,11,1,0
BRDA:39,12,0,1
BRDA:39,12,1,0
BRDA:40,13,0,1
BRDA:40,13,1,1
BRDA:41,14,0,1
BRDA:41,14,1,0
BRDA:41,14,2,0
BRDA:46,15,0,1
BRDA:46,15,1,1
BRDA:46,15,2,1
BRDA:46,15,3,1
BRDA:46,15,4,1
BRDA:57,16,0,1
BRDA:57,16,1,0
BRDA:57,16,2,0
BRDA:58,17,0,1
BRDA:58,17,1,1
BRDA:58,17,2,1
BRDA:61,18,0,1
BRDA:61,18,1,1
BRDA:62,19,0,1
BRDA:62,19,1,1
BRDA:67,20,0,1
BRDA:67,20,1,1
BRDA:67,20,2,1
BRDA:69,21,0,1
BRDA:69,21,1,1
BRDA:69,22,0,1
BRDA:69,22,1,0
BRDA:69,23,0,1
BRDA:69,23,1,1
BRDA:70,24,0,1
BRDA:70,24,1,1
BRDA:70,24,2,1
BRDA:70,24,3,1
BRDA:71,25,0,1
BRDA:71,25,1,1
BRDA:71,25,2,1
BRDA:72,26,0,1
BRDA:72,26,1,1
BRDA:72,27,0,1
BRDA:72,27,1,1
BRDA:72,27,2,1
BRDA:74,28,0,1
BRDA:74,28,1,1
BRDA:74,28,2,0
BRDA:75,29,0,1
BRDA:75,29,1,1
BRDA:75,29,2,0
BRDA:76,30,0,1
BRDA:76,30,1,1
BRDA:76,30,2,0
BRDA:78,31,0,1
BRDA:78,31,1,1
BRDA:78,31,2,1
BRDA:78,31,3,1
BRDA:78,31,4,1
BRDA:78,31,5,1
BRDA:84,32,0,1
BRDA:84,32,1,1
BRDA:88,33,0,1
BRDA:88,33,1,0
BRDA:90,34,0,1
BRDA:90,34,1,0
BRDA:91,35,0,1
BRDA:91,35,1,1
BRDA:92,36,0,1
BRDA:92,36,1,0
BRDA:93,37,0,1
BRDA:93,37,1,0
BRDA:95,38,0,1
BRDA:95,38,1,0
BRDA:96,39,0,2
BRDA:96,39,1,0
BRF:98
BRH:76
end_of_record
